<?xml version="1.0" encoding="UTF-8"?>
<!-- Generated by org.testng.reporters.JUnitXMLReporter -->
<testsuite hostname="ITEM-S85919" ignored="2" name="Default test" tests="1" failures="0" timestamp="2020-10-28T13:09:31 CET" time="12.512" errors="0">
  <testcase name="init" time="12.483" classname="dydko.tests.FbLoginTest"/>
  <testcase name="@AfterSuite TeardownTest" time="0.0" classname="dydko.tests.TestBase">
    <ignored/>
  </testcase> <!-- @AfterSuite TeardownTest -->
  <testcase name="@BeforeSuite initialize" time="0.0" classname="dydko.tests.TestBase">
    <ignored/>
  </testcase> <!-- @BeforeSuite initialize -->
</testsuite> <!-- Default test -->
