<?xml version="1.0" encoding="UTF-8"?>
<!-- Generated by org.testng.reporters.JUnitXMLReporter -->
<testsuite hostname="ITEM-S85919" ignored="0" name="Test" tests="5" failures="0" timestamp="2020-10-27T09:03:24 CET" time="0.077" errors="0">
  <testcase name="method01" time="0.009" classname="new3.NewTest7"/>
  <testcase name="method04" time="0.009" classname="new3.NewTest7"/>
  <testcase name="method03" time="0.009" classname="new3.NewTest7"/>
  <testcase name="method05" time="0.009" classname="new3.NewTest7"/>
  <testcase name="method02" time="0.009" classname="new3.NewTest7"/>
</testsuite> <!-- Test -->
