<?xml version="1.0" encoding="UTF-8"?>
<testng-results skipped="0" failed="0" ignored="2" total="3" passed="1">
  <reporter-output>
  </reporter-output>
  <suite name="Default suite" duration-ms="12512" started-at="2020-10-28T13:09:18 CET" finished-at="2020-10-28T13:09:31 CET">
    <groups>
    </groups>
    <test name="Default test" duration-ms="12512" started-at="2020-10-28T13:09:18 CET" finished-at="2020-10-28T13:09:31 CET">
      <class name="dydko.tests.TestBase">
        <test-method status="PASS" signature="initialize()[pri:0, instance:dydko.tests.TestBase@7f13d6e]" name="initialize" is-config="true" duration-ms="5430" started-at="2020-10-28T13:09:13 CET" finished-at="2020-10-28T13:09:18 CET">
          <reporter-output>
          </reporter-output>
        </test-method> <!-- initialize -->
        <test-method status="PASS" signature="TeardownTest()[pri:0, instance:dydko.tests.TestBase@7f13d6e]" name="TeardownTest" is-config="true" duration-ms="1094" started-at="2020-10-28T13:09:31 CET" finished-at="2020-10-28T13:09:32 CET">
          <reporter-output>
          </reporter-output>
        </test-method> <!-- TeardownTest -->
      </class> <!-- dydko.tests.TestBase -->
      <class name="dydko.tests.FbLoginTest">
        <test-method status="PASS" signature="init()[pri:0, instance:dydko.tests.FbLoginTest@51cdd8a]" name="init" duration-ms="12483" started-at="2020-10-28T13:09:18 CET" finished-at="2020-10-28T13:09:31 CET">
          <reporter-output>
          </reporter-output>
        </test-method> <!-- init -->
      </class> <!-- dydko.tests.FbLoginTest -->
    </test> <!-- Default test -->
  </suite> <!-- Default suite -->
</testng-results>
