<?xml version="1.0" encoding="UTF-8"?>
<testng-results skipped="0" failed="0" ignored="2" total="3" passed="1">
  <reporter-output>
  </reporter-output>
  <suite name="Everjobs Suite" duration-ms="14145" started-at="2020-10-28T09:27:02 CET" finished-at="2020-10-28T09:27:16 CET">
    <groups>
    </groups>
    <test name="Page Object Model Project" duration-ms="14145" started-at="2020-10-28T09:27:02 CET" finished-at="2020-10-28T09:27:16 CET">
      <class name="dydko.tests.TestBase">
        <test-method status="PASS" signature="initialize()[pri:0, instance:dydko.tests.TestBase@d44fc21]" name="initialize" is-config="true" duration-ms="5945" started-at="2020-10-28T09:26:56 CET" finished-at="2020-10-28T09:27:02 CET">
          <reporter-output>
          </reporter-output>
        </test-method> <!-- initialize -->
        <test-method status="PASS" signature="TeardownTest()[pri:0, instance:dydko.tests.TestBase@d44fc21]" name="TeardownTest" is-config="true" duration-ms="1101" started-at="2020-10-28T09:27:16 CET" finished-at="2020-10-28T09:27:17 CET">
          <reporter-output>
          </reporter-output>
        </test-method> <!-- TeardownTest -->
      </class> <!-- dydko.tests.TestBase -->
      <class name="dydko.tests.FbLoginTest">
        <test-method status="PASS" signature="init()[pri:0, instance:dydko.tests.FbLoginTest@23faf8f2]" name="init" duration-ms="14114" started-at="2020-10-28T09:27:02 CET" finished-at="2020-10-28T09:27:16 CET">
          <reporter-output>
          </reporter-output>
        </test-method> <!-- init -->
      </class> <!-- dydko.tests.FbLoginTest -->
    </test> <!-- Page Object Model Project -->
  </suite> <!-- Everjobs Suite -->
</testng-results>
