<?xml version="1.0" encoding="UTF-8"?>
<!-- Generated by org.testng.reporters.JUnitXMLReporter -->
<testsuite hostname="ITEM-S85919" ignored="2" name="Page Object Model Project" tests="1" failures="0" timestamp="2020-10-28T09:27:16 CET" time="14.145" errors="0">
  <testcase name="init" time="14.114" classname="dydko.tests.FbLoginTest"/>
  <testcase name="@AfterSuite TeardownTest" time="0.0" classname="dydko.tests.TestBase">
    <ignored/>
  </testcase> <!-- @AfterSuite TeardownTest -->
  <testcase name="@BeforeSuite initialize" time="0.0" classname="dydko.tests.TestBase">
    <ignored/>
  </testcase> <!-- @BeforeSuite initialize -->
</testsuite> <!-- Page Object Model Project -->
